f:\c++\operatingsystem\operatingsystem\x64\debug\operatingsystem.pch
f:\c++\operatingsystem\operatingsystem\x64\debug\vc120.pdb
f:\c++\operatingsystem\operatingsystem\x64\debug\vc120.idb
f:\c++\operatingsystem\operatingsystem\x64\debug\stdafx.obj
f:\c++\operatingsystem\operatingsystem\x64\debug\operatingsystem.obj
f:\c++\operatingsystem\operatingsystem\x64\debug\system.obj
f:\c++\operatingsystem\operatingsystem\x64\debug\tinystr.obj
f:\c++\operatingsystem\operatingsystem\x64\debug\tinyxml.obj
f:\c++\operatingsystem\operatingsystem\x64\debug\tinyxmlerror.obj
f:\c++\operatingsystem\operatingsystem\x64\debug\tinyxmlparser.obj
f:\c++\operatingsystem\operatingsystem\x64\debug\user.obj
f:\c++\operatingsystem\operatingsystem\x64\debug\pcb.obj
f:\c++\operatingsystem\x64\debug\operatingsystem.ilk
f:\c++\operatingsystem\x64\debug\operatingsystem.exe
f:\c++\operatingsystem\x64\debug\operatingsystem.pdb
f:\c++\operatingsystem\operatingsystem\x64\debug\operatingsystem.tlog\cl.command.1.tlog
f:\c++\operatingsystem\operatingsystem\x64\debug\operatingsystem.tlog\cl.read.1.tlog
f:\c++\operatingsystem\operatingsystem\x64\debug\operatingsystem.tlog\cl.write.1.tlog
f:\c++\operatingsystem\operatingsystem\x64\debug\operatingsystem.tlog\link.command.1.tlog
f:\c++\operatingsystem\operatingsystem\x64\debug\operatingsystem.tlog\link.read.1.tlog
f:\c++\operatingsystem\operatingsystem\x64\debug\operatingsystem.tlog\link.write.1.tlog
