f:\c++\operatingsystem\operatingsystem\debug\operatingsystem.pch
f:\c++\operatingsystem\operatingsystem\debug\vc120.pdb
f:\c++\operatingsystem\operatingsystem\debug\vc120.idb
f:\c++\operatingsystem\operatingsystem\debug\stdafx.obj
f:\c++\operatingsystem\operatingsystem\debug\operatingsystem.obj
f:\c++\operatingsystem\operatingsystem\debug\pcb.obj
f:\c++\operatingsystem\operatingsystem\debug\system.obj
f:\c++\operatingsystem\operatingsystem\debug\tinystr.obj
f:\c++\operatingsystem\operatingsystem\debug\tinyxml.obj
f:\c++\operatingsystem\operatingsystem\debug\tinyxmlerror.obj
f:\c++\operatingsystem\operatingsystem\debug\tinyxmlparser.obj
f:\c++\operatingsystem\debug\operatingsystem.ilk
f:\c++\operatingsystem\debug\operatingsystem.exe
f:\c++\operatingsystem\debug\operatingsystem.pdb
f:\c++\operatingsystem\operatingsystem\debug\operatingsystem.tlog\cl.command.1.tlog
f:\c++\operatingsystem\operatingsystem\debug\operatingsystem.tlog\cl.read.1.tlog
f:\c++\operatingsystem\operatingsystem\debug\operatingsystem.tlog\cl.write.1.tlog
f:\c++\operatingsystem\operatingsystem\debug\operatingsystem.tlog\link.command.1.tlog
f:\c++\operatingsystem\operatingsystem\debug\operatingsystem.tlog\link.read.1.tlog
f:\c++\operatingsystem\operatingsystem\debug\operatingsystem.tlog\link.write.1.tlog
